#
# An unexpected error has been detected by HotSpot Virtual Machine:
#
#  EXCEPTION_ACCESS_VIOLATION (0xc0000005) at pc=0x08056d68, pid=5468, tid=2700
#
# Java VM: Java HotSpot(TM) Client VM (1.4.2_17-b06 mixed mode)
# Problematic frame:
# V  [jvm.dll+0x56d68]
#

---------------  T H R E A D  ---------------

Current thread (0x00a02eb0):  JavaThread "JDWP Transport Listener: dt_socket" daemon [_thread_in_vm, id=2700]

siginfo: ExceptionCode=0xc0000005, reading address 0x000016b4

Registers:
EAX=0x000016ac, EBX=0x00a0342c, ECX=0x000016b4, EDX=0x00a03430
ESP=0x06cafcbc, EBP=0x06cafcdc, ESI=0x003b0024, EDI=0x00000008
EIP=0x08056d68, EFLAGS=0x00010202

Top of Stack: (sp=0x06cafcbc)
0x06cafcbc:   14115228 0806b14e 0000003a 00a02eb0
0x06cafccc:   141150b0 009fda01 38200021 0000000c
0x06cafcdc:   06cafcf4 08097f4c 00a03428 06cafd24
0x06cafcec:   00a52f20 00a02eb0 06cafd08 02bcffe9
0x06cafcfc:   00a52f20 06cafd04 06cafe88 06cafec4
0x06cafd0c:   02bc2d38 00a52f20 06cafec4 02bc6bfe
0x06cafd1c:   06cafe88 06cafd30 009a3010 00000001
0x06cafd2c:   009fda40 06cafd58 0000012c 06cafd4c 

Instructions: (pc=0x08056d68)
0x08056d58:   00 8b 44 24 04 56 8b 74 81 18 8b 46 04 8d 48 08
0x08056d68:   8b 40 08 ff 50 7c 85 c0 74 05 8b 46 48 eb 02 8b 


Stack: [0x06c70000,0x06cb0000),  sp=0x06cafcbc,  free space=255k
Native frames: (J=compiled Java code, j=interpreted, Vv=VM code, C=native code)
V  [jvm.dll+0x56d68]
V  [jvm.dll+0x97f4c]
C  [jdwp.dll+0xffe9]
C  [jdwp.dll+0x2d38]
C  [jdwp.dll+0xe8b4]
V  [jvm.dll+0xd3c1e]
V  [jvm.dll+0xd3bec]
C  [MSVCRT.dll+0x2a3b0]
C  [kernel32.dll+0xb729]


---------------  P R O C E S S  ---------------

Java Threads: ( => current thread )
  0x00a40008 JavaThread "CompilerThread0" daemon [_thread_blocked, id=5132]
  0x003bf1b8 JavaThread "Signal Dispatcher" daemon [_thread_blocked, id=4848]
  0x003bd678 JavaThread "JDWP Command Reader" daemon [_thread_in_native, id=4860]
  0x00a03890 JavaThread "JDWP Event Helper Thread" daemon [_thread_in_native, id=5632]
=>0x00a02eb0 JavaThread "JDWP Transport Listener: dt_socket" daemon [_thread_in_vm, id=2700]
  0x009ff670 JavaThread "Finalizer" daemon [_thread_blocked, id=4932]
  0x009fe260 JavaThread "Reference Handler" daemon [_thread_blocked, id=5480]
  0x003b6798 JavaThread "main" [_thread_in_native, id=5540]

Other Threads:
  0x00a3f720 VMThread [id=5548]
  0x00a5aaa8 WatcherThread [id=5112]

VM state:not at safepoint (normal execution)

VM Mutex/Monitor currently owned by a thread: None

Heap
 def new generation   total 576K, used 415K [0x10010000, 0x100b0000, 0x104f0000)
  eden space 512K,  68% used [0x10010000, 0x10067c40, 0x10090000)
  from space 64K, 100% used [0x100a0000, 0x100b0000, 0x100b0000)
  to   space 64K,   0% used [0x10090000, 0x10090000, 0x100a0000)
 tenured generation   total 1408K, used 81K [0x104f0000, 0x10650000, 0x14010000)
   the space 1408K,   5% used [0x104f0000, 0x10504498, 0x10504600, 0x10650000)
 compacting perm gen  total 4096K, used 1784K [0x14010000, 0x14410000, 0x18010000)
   the space 4096K,  43% used [0x14010000, 0x141ce018, 0x141ce200, 0x14410000)

Dynamic libraries:
0x00400000 - 0x0040b000 	C:\dev\java\jdk\1.4\bin\javaw.exe
0x7c900000 - 0x7c9b4000 	C:\WINDOWS\system32\ntdll.dll
0x7c800000 - 0x7c8fb000 	C:\WINDOWS\system32\kernel32.dll
0x77dc0000 - 0x77e6b000 	C:\WINDOWS\system32\ADVAPI32.dll
0x77e70000 - 0x77f03000 	C:\WINDOWS\system32\RPCRT4.dll
0x77fe0000 - 0x77ff1000 	C:\WINDOWS\system32\Secur32.dll
0x7e360000 - 0x7e3f1000 	C:\WINDOWS\system32\USER32.dll
0x77f10000 - 0x77f59000 	C:\WINDOWS\system32\GDI32.dll
0x77c00000 - 0x77c58000 	C:\WINDOWS\system32\MSVCRT.dll
0x76360000 - 0x7637d000 	C:\WINDOWS\system32\IMM32.DLL
0x08000000 - 0x08144000 	C:\dev\java\jdk\1.4\jre\bin\client\jvm.dll
0x76b20000 - 0x76b4e000 	C:\WINDOWS\system32\WINMM.dll
0x10000000 - 0x10007000 	C:\dev\java\jdk\1.4\jre\bin\hpi.dll
0x76be0000 - 0x76beb000 	C:\WINDOWS\system32\PSAPI.DLL
0x003f0000 - 0x003fe000 	C:\dev\java\jdk\1.4\jre\bin\verify.dll
0x008a0000 - 0x008b9000 	C:\dev\java\jdk\1.4\jre\bin\java.dll
0x008c0000 - 0x008ce000 	C:\dev\java\jdk\1.4\jre\bin\zip.dll
0x02bc0000 - 0x02bdc000 	C:\dev\java\jdk\1.4\jre\bin\jdwp.dll
0x009a0000 - 0x009a5000 	C:\dev\java\jdk\1.4\jre\bin\dt_socket.dll
0x71a50000 - 0x71a67000 	C:\WINDOWS\system32\ws2_32.dll
0x71a40000 - 0x71a48000 	C:\WINDOWS\system32\WS2HELP.dll
0x719f0000 - 0x71a30000 	C:\WINDOWS\System32\mswsock.dll
0x76f10000 - 0x76f37000 	C:\WINDOWS\system32\DNSAPI.dll
0x76fa0000 - 0x76fa8000 	C:\WINDOWS\System32\winrnr.dll
0x76f50000 - 0x76f7d000 	C:\WINDOWS\system32\WLDAP32.dll
0x76fb0000 - 0x76fb6000 	C:\WINDOWS\system32\rasadhlp.dll
0x66780000 - 0x667d8000 	C:\WINDOWS\system32\hnetcfg.dll
0x71a30000 - 0x71a38000 	C:\WINDOWS\System32\wshtcpip.dll

VM Arguments:
jvm_args: -Xdebug -Xnoagent -Xrunjdwp:transport=dt_socket,suspend=y,address=localhost:1559
java_command: com.icode.generic.utils.streamtransfer.ISCtreamTransferApp
Launcher Type: SUN_STANDARD

Environment Variables:
JAVA_HOME=C:\dev\java\jdk\1.6\
CLASSPATH=.;C:\dev\java\jre\lib\ext\QTJava.zip
PATH=C:\dev\java\jdk\1.4\jre\bin;C:\Program Files\Java\jre6\bin\client;C:\Program Files\Java\jre6\bin;C:\Program Files\Ember\ISA3 Utilities\bin;C:\dev\Perl\bin;C:\dev\c\gtk\bin;C:\WINDOWS\system32;C:\WINDOWS;C:\WINDOWS\System32\Wbem;C:\dev\c\MinGW\bin;C:\dev\c\msys\bin;C:\dev\java\jdk\1.6\\bin;C:\dev\srv\MySQL\bin;Y:\epoc32\gcc\bin;Y:\epoc32\tools;C:\dev\verctrl\perforce;C:\dev\verctrl\TortoiseSVN\bin;C:\Program Files\Git\cmd;C:\dev\srv\SunAppSrv9.1\bin;C:\dev\utils;C:\dev\java\comps\BerkeleyDBforJava;C:\dev\ide\bada\1.0.0b2\Tools\Toolchains\Win32\bin;C:\dev\ide\bada\1.0.0b2\Tools\Toolchains\ARM\bin
USERNAME=Kedves Lor nd
OS=Windows_NT
PROCESSOR_IDENTIFIER=x86 Family 6 Model 15 Stepping 6, GenuineIntel


---------------  S Y S T E M  ---------------

OS: Windows XP Build 2600 Szervizcsomag 3

CPU:total 2 family 6, cmov, cx8, fxsr, mmx, sse, sse2

Memory: 4k page, physical 2096300k(1023012k free), swap 4034616k(2951764k free)

vm_info: Java HotSpot(TM) Client VM (1.4.2_17-b06) for windows-x86, built on Feb  8 2008 18:36:31 by "java_re" with MS VC++ 6.0

